# JRE version: OpenJDK Runtime Environment (11.0.10) (build 11.0.10+0-b96-7249189)
# Java VM: OpenJDK 64-Bit Server VM (11.0.10+0-b96-7249189, mixed mode, tiered, compressed oops, g1 gc, windows-amd64)
Heap:
 garbage-first heap   total 956416K, used 306176K [0x0000000080000000, 0x0000000100000000)
  region size 1024K, 15 young (15360K), 15 survivors (15360K)
 Metaspace       used 98403K, capacity 100831K, committed 101120K, reserved 1136640K
  class space    used 12851K, capacity 13785K, committed 13824K, reserved 1048576K
GC Heap History (20 events):
Event: 74.461 GC heap after
{Heap after GC invocations=55 (full 0):
 garbage-first heap   total 227328K, used 170935K [0x0000000080000000, 0x0000000100000000)
  region size 1024K, 3 young (3072K), 3 survivors (3072K)
 Metaspace       used 91971K, capacity 94133K, committed 94336K, reserved 1130496K
  class space    used 11863K, capacity 12671K, committed 12672K, reserved 1048576K
}
Event: 74.660 GC heap before
{Heap before GC invocations=55 (full 0):
 garbage-first heap   total 227328K, used 186295K [0x0000000080000000, 0x0000000100000000)
  region size 1024K, 19 young (19456K), 3 survivors (3072K)
 Metaspace       used 92011K, capacity 94203K, committed 94336K, reserved 1130496K
  class space    used 11866K, capacity 12671K, committed 12672K, reserved 1048576K
}
Event: 74.670 GC heap after
{Heap after GC invocations=56 (full 0):
 garbage-first heap   total 227328K, used 176756K [0x0000000080000000, 0x0000000100000000)
  region size 1024K, 3 young (3072K), 3 survivors (3072K)
 Metaspace       used 92011K, capacity 94203K, committed 94336K, reserved 1130496K
  class space    used 11866K, capacity 12671K, committed 12672K, reserved 1048576K
}
Event: 74.734 GC heap before
{Heap before GC invocations=56 (full 0):
 garbage-first heap   total 227328K, used 189044K [0x0000000080000000, 0x0000000100000000)
  region size 1024K, 16 young (16384K), 3 survivors (3072K)
 Metaspace       used 92055K, capacity 94207K, committed 94336K, reserved 1130496K
  class space    used 11866K, capacity 12671K, committed 12672K, reserved 1048576K
}
Event: 74.749 GC heap after
{Heap after GC invocations=57 (full 0):
 garbage-first heap   total 273408K, used 182004K [0x0000000080000000, 0x0000000100000000)
  region size 1024K, 2 young (2048K), 2 survivors (2048K)
 Metaspace       used 92055K, capacity 94207K, committed 94336K, reserved 1130496K
  class space    used 11866K, capacity 12671K, committed 12672K, reserved 1048576K
}
Event: 75.194 GC heap before
{Heap before GC invocations=57 (full 0):
 garbage-first heap   total 273408K, used 212724K [0x0000000080000000, 0x0000000100000000)
  region size 1024K, 32 young (32768K), 2 survivors (2048K)
 Metaspace       used 92027K, capacity 94190K, committed 94336K, reserved 1130496K
  class space    used 11849K, capacity 12639K, committed 12672K, reserved 1048576K
}
Event: 75.212 GC heap after
{Heap after GC invocations=58 (full 0):
 garbage-first heap   total 273408K, used 192319K [0x0000000080000000, 0x0000000100000000)
  region size 1024K, 4 young (4096K), 4 survivors (4096K)
 Metaspace       used 92027K, capacity 94190K, committed 94336K, reserved 1130496K
  class space    used 11849K, capacity 12639K, committed 12672K, reserved 1048576K
}
Event: 75.420 GC heap before
{Heap before GC invocations=59 (full 0):
 garbage-first heap   total 273408K, used 217919K [0x0000000080000000, 0x0000000100000000)
  region size 1024K, 30 young (30720K), 4 survivors (4096K)
 Metaspace       used 92252K, capacity 94418K, committed 94720K, reserved 1130496K
  class space    used 11877K, capacity 12672K, committed 12800K, reserved 1048576K
}
Event: 75.445 GC heap after
{Heap after GC invocations=60 (full 0):
 garbage-first heap   total 273408K, used 199680K [0x0000000080000000, 0x0000000100000000)
  region size 1024K, 4 young (4096K), 4 survivors (4096K)
 Metaspace       used 92252K, capacity 94418K, committed 94720K, reserved 1130496K
  class space    used 11877K, capacity 12672K, committed 12800K, reserved 1048576K
}
Event: 75.481 GC heap before
{Heap before GC invocations=60 (full 0):
 garbage-first heap   total 273408K, used 207872K [0x0000000080000000, 0x0000000100000000)
  region size 1024K, 13 young (13312K), 4 survivors (4096K)
 Metaspace       used 92280K, capacity 94418K, committed 94720K, reserved 1130496K
  class space    used 11884K, capacity 12672K, committed 12800K, reserved 1048576K
}
Event: 75.506 GC heap after
{Heap after GC invocations=61 (full 0):
 garbage-first heap   total 273408K, used 192512K [0x0000000080000000, 0x0000000100000000)
  region size 1024K, 2 young (2048K), 2 survivors (2048K)
 Metaspace       used 92280K, capacity 94418K, committed 94720K, reserved 1130496K
  class space    used 11884K, capacity 12672K, committed 12800K, reserved 1048576K
}
Event: 75.682 GC heap before
{Heap before GC invocations=61 (full 0):
 garbage-first heap   total 273408K, used 218112K [0x0000000080000000, 0x0000000100000000)
  region size 1024K, 28 young (28672K), 2 survivors (2048K)
 Metaspace       used 92546K, capacity 94694K, committed 94976K, reserved 1132544K
  class space    used 11932K, capacity 12722K, committed 12800K, reserved 1048576K
}
Event: 75.725 GC heap after
{Heap after GC invocations=62 (full 0):
 garbage-first heap   total 546816K, used 202549K [0x0000000080000000, 0x0000000100000000)
  region size 1024K, 4 young (4096K), 4 survivors (4096K)
 Metaspace       used 92546K, capacity 94694K, committed 94976K, reserved 1132544K
  class space    used 11932K, capacity 12722K, committed 12800K, reserved 1048576K
}
Event: 77.216 GC heap before
{Heap before GC invocations=63 (full 0):
 garbage-first heap   total 546816K, used 313141K [0x0000000080000000, 0x0000000100000000)
  region size 1024K, 112 young (114688K), 4 survivors (4096K)
 Metaspace       used 93886K, capacity 96050K, committed 96128K, reserved 1132544K
  class space    used 12108K, capacity 12918K, committed 12928K, reserved 1048576K
}
Event: 77.273 GC heap after
{Heap after GC invocations=64 (full 0):
 garbage-first heap   total 546816K, used 237941K [0x0000000080000000, 0x0000000100000000)
  region size 1024K, 14 young (14336K), 14 survivors (14336K)
 Metaspace       used 93886K, capacity 96050K, committed 96128K, reserved 1132544K
  class space    used 12108K, capacity 12918K, committed 12928K, reserved 1048576K
}
Event: 77.912 GC heap before
{Heap before GC invocations=64 (full 0):
 garbage-first heap   total 546816K, used 342389K [0x0000000080000000, 0x0000000100000000)
  region size 1024K, 117 young (119808K), 14 survivors (14336K)
 Metaspace       used 94889K, capacity 97163K, committed 97408K, reserved 1134592K
  class space    used 12259K, capacity 13122K, committed 13184K, reserved 1048576K
}
Event: 78.020 GC heap after
{Heap after GC invocations=65 (full 0):
 garbage-first heap   total 546816K, used 264192K [0x0000000080000000, 0x0000000100000000)
  region size 1024K, 15 young (15360K), 15 survivors (15360K)
 Metaspace       used 94889K, capacity 97163K, committed 97408K, reserved 1134592K
  class space    used 12259K, capacity 13122K, committed 13184K, reserved 1048576K
}
Event: 78.803 GC heap before
{Heap before GC invocations=65 (full 0):
 garbage-first heap   total 546816K, used 366592K [0x0000000080000000, 0x0000000100000000)
  region size 1024K, 115 young (117760K), 15 survivors (15360K)
 Metaspace       used 95774K, capacity 98051K, committed 98304K, reserved 1134592K
  class space    used 12427K, capacity 13312K, committed 13312K, reserved 1048576K
}
Event: 78.896 GC heap after
{Heap after GC invocations=66 (full 0):
 garbage-first heap   total 546816K, used 284672K [0x0000000080000000, 0x0000000100000000)
  region size 1024K, 15 young (15360K), 15 survivors (15360K)
 Metaspace       used 95774K, capacity 98051K, committed 98304K, reserved 1134592K
  class space    used 12427K, capacity 13312K, committed 13312K, reserved 1048576K
}
Event: 80.393 GC heap before
{Heap before GC invocations=66 (full 0):
 garbage-first heap   total 546816K, used 387072K [0x0000000080000000, 0x0000000100000000)
  region size 1024K, 115 young (117760K), 15 survivors (15360K)
 Metaspace       used 98403K, capacity 100831K, committed 101120K, reserved 1136640K
  class space    used 12851K, capacity 13785K, committed 13824K, reserved 1048576K
}

